<?xml version="1.0" encoding="UTF-8"?>
<!-- Generated by org.testng.reporters.JUnitReportReporter -->
<testsuite hostname="L191131" name="sixrooms.cases.shiliu.PopUpTestShiLiu" tests="5" failures="0" timestamp="16 Jun 2021 08:05:28 GMT" time="459.251" errors="0">
  <testcase name="initialApi" time="141.581" classname="sixrooms.cases.shiliu.PopUpTestShiLiu"/>
  <testcase name="php319Socket" time="73.126" classname="sixrooms.cases.shiliu.PopUpTestShiLiu"/>
  <testcase name="php320_Test" time="98.847" classname="sixrooms.cases.shiliu.PopUpTestShiLiu"/>
  <testcase name="php322_Test" time="86.024" classname="sixrooms.cases.shiliu.PopUpTestShiLiu"/>
  <testcase name="php323_Test" time="59.673" classname="sixrooms.cases.shiliu.PopUpTestShiLiu"/>
</testsuite> <!-- sixrooms.cases.shiliu.PopUpTestShiLiu -->
